#
# There is insufficient memory for the Java Runtime Environment to continue.
# Native memory allocation (malloc) failed to allocate 2241616 bytes for Chunk::new
# Possible reasons:
#   The system is out of physical RAM or swap space
#   The process is running with CompressedOops enabled, and the Java Heap may be blocking the growth of the native heap
# Possible solutions:
#   Reduce memory load on the system
#   Increase physical memory or swap space
#   Check if swap backing store is full
#   Decrease Java heap size (-Xmx/-Xms)
#   Decrease number of Java threads
#   Decrease Java thread stack sizes (-Xss)
#   Set larger code cache with -XX:ReservedCodeCacheSize=
#   JVM is running with Zero Based Compressed Oops mode in which the Java heap is
#     placed in the first 32GB address space. The Java Heap base address is the
#     maximum limit for the native heap growth. Please use -XX:HeapBaseMinAddress
#     to set the Java Heap base and to place the Java Heap above 32GB virtual address.
# This output file may be truncated or incomplete.
#
#  Out of Memory Error (allocation.cpp:390), pid=16440, tid=0x0000000000002a10
#
# JRE version: Java(TM) SE Runtime Environment (8.0_192-b12) (build 1.8.0_192-b12)
# Java VM: Java HotSpot(TM) 64-Bit Server VM (25.192-b12 mixed mode windows-amd64 compressed oops)
# Failed to write core dump. Minidumps are not enabled by default on client versions of Windows
#

---------------  T H R E A D  ---------------

Current thread (0x000000001df4e800):  JavaThread "C2 CompilerThread2" daemon [_thread_in_native, id=10768, stack(0x000000001e910000,0x000000001ea10000)]

Stack: [0x000000001e910000,0x000000001ea10000]
[error occurred during error reporting (printing stack bounds), id 0xc0000005]

Native frames: (J=compiled Java code, j=interpreted, Vv=VM code, C=native code)


Current CompileTask:
C2:   4140 3639       4       com.sun.beans.TypeResolver::resolve (37 bytes)


---------------  P R O C E S S  ---------------

Java Threads: ( => current thread )
  0x000000001df58800 JavaThread "task-1" [_thread_in_vm, id=23912, stack(0x0000000025240000,0x0000000025340000)]
  0x000000001df5c800 JavaThread "HikariPool-1 connection adder" daemon [_thread_blocked, id=20208, stack(0x0000000021e20000,0x0000000021f20000)]
  0x000000001df56800 JavaThread "HikariPool-1 housekeeper" daemon [_thread_blocked, id=25644, stack(0x0000000020d20000,0x0000000020e20000)]
  0x000000001f1ef000 JavaThread "ReaderThread" [_thread_in_native, id=4260, stack(0x000000001f510000,0x000000001f610000)]
  0x000000001dfe2000 JavaThread "Service Thread" daemon [_thread_blocked, id=24264, stack(0x000000001eb10000,0x000000001ec10000)]
  0x000000001df57000 JavaThread "C1 CompilerThread3" daemon [_thread_blocked, id=12704, stack(0x000000001ea10000,0x000000001eb10000)]
=>0x000000001df4e800 JavaThread "C2 CompilerThread2" daemon [_thread_in_native, id=10768, stack(0x000000001e910000,0x000000001ea10000)]
  0x000000001df47000 JavaThread "C2 CompilerThread1" daemon [_thread_in_native, id=25364, stack(0x000000001e810000,0x000000001e910000)]
  0x000000001df45000 JavaThread "C2 CompilerThread0" daemon [_thread_in_native, id=13076, stack(0x000000001e710000,0x000000001e810000)]
  0x000000001df42800 JavaThread "Attach Listener" daemon [_thread_blocked, id=19132, stack(0x000000001e610000,0x000000001e710000)]
  0x000000001df41800 JavaThread "Signal Dispatcher" daemon [_thread_blocked, id=17652, stack(0x000000001e510000,0x000000001e610000)]
  0x000000001c016000 JavaThread "Finalizer" daemon [_thread_blocked, id=24932, stack(0x000000001e310000,0x000000001e410000)]
  0x000000001c00f000 JavaThread "Reference Handler" daemon [_thread_blocked, id=25844, stack(0x000000001de10000,0x000000001df10000)]
  0x00000000024e7800 JavaThread "main" [_thread_in_Java, id=21752, stack(0x00000000023e0000,0x00000000024e0000)]

Other Threads:
  0x000000001c006800 VMThread [stack: 0x000000001dd10000,0x000000001de10000] [id=26580]
  0x000000001e016000 WatcherThread [stack: 0x000000001ec10000,0x000000001ed10000] [id=23164]

VM state:not at safepoint (normal execution)

VM Mutex/Monitor currently owned by a thread: None

heap address: 0x00000006c1a00000, size: 4070 MB, Compressed Oops mode: Zero based, Oop shift amount: 3
Narrow klass base: 0x0000000000000000, Narrow klass shift: 3
Compressed class space size: 1073741824 Address: 0x00000007c0000000

Heap:
 PSYoungGen      total 228864K, used 38103K [0x000000076b380000, 0x0000000783980000, 0x00000007c0000000)
  eden space 214016K, 10% used [0x000000076b380000,0x000000076ca37338,0x0000000778480000)
  from space 14848K, 99% used [0x0000000778480000,0x00000007792fe8f0,0x0000000779300000)
  to   space 19456K, 0% used [0x0000000782680000,0x0000000782680000,0x0000000783980000)
 ParOldGen       total 112128K, used 17423K [0x00000006c1a00000, 0x00000006c8780000, 0x000000076b380000)
  object space 112128K, 15% used [0x00000006c1a00000,0x00000006c2b03d78,0x00000006c8780000)
 Metaspace       used 47828K, capacity 50656K, committed 50984K, reserved 1093632K
  class space    used 6663K, capacity 7166K, committed 7208K, reserved 1048576K

Card table byte_map: [0x00000000119a0000,0x00000000121a0000] byte_map_base: 0x000000000e393000

Marking Bits: (ParMarkBitMap*) 0x000000005e623ce0
 Begin Bits: [0x0000000012ef0000, 0x0000000016e88000)
 End Bits:   [0x0000000016e88000, 0x000000001ae20000)

Polling page: 0x0000000000af0000

CodeCache: size=245760Kb used=14549Kb max_used=14549Kb free=231211Kb
 bounds [0x00000000025e0000, 0x0000000003420000, 0x00000000115e0000]
 total_blobs=4370 nmethods=3875 adapters=407
 compilation: enabled

Compilation events (10 events):
Event: 4.123 Thread 0x000000001df57000 3910       3       net.bytebuddy.implementation.bytecode.StackManipulation$Compound::apply (62 bytes)
Event: 4.123 Thread 0x000000001df57000 nmethod 3910 0x000000000341cb90 code [0x000000000341cda0, 0x000000000341d7d8]
Event: 4.123 Thread 0x000000001df57000 3911       3       net.bytebuddy.jar.asm.MethodWriter::visitInsn (115 bytes)
Event: 4.123 Thread 0x000000001df57000 nmethod 3911 0x000000000341dd10 code [0x000000000341dec0, 0x000000000341e3c8]
Event: 4.126 Thread 0x000000001df57000 3912       3       net.bytebuddy.jar.asm.ByteVector::putShort (52 bytes)
Event: 4.126 Thread 0x000000001df57000 nmethod 3912 0x000000000341e5d0 code [0x000000000341e740, 0x000000000341e9a8]
Event: 4.126 Thread 0x000000001df57000 3913       1       net.bytebuddy.jar.asm.SymbolTable::getMajorVersion (5 bytes)
Event: 4.126 Thread 0x000000001df57000 nmethod 3913 0x000000000341eb10 code [0x000000000341ec60, 0x000000000341ed70]
Event: 4.137 Thread 0x000000001df57000 3914       3       java.util.concurrent.ConcurrentHashMap::<init> (44 bytes)
Event: 4.137 Thread 0x000000001df57000 nmethod 3914 0x000000000341edd0 code [0x000000000341ef60, 0x000000000341f2f8]

GC Heap History (10 events):
Event: 1.477 GC heap before
{Heap before GC invocations=5 (full 1):
 PSYoungGen      total 76288K, used 65536K [0x000000076b380000, 0x0000000774880000, 0x00000007c0000000)
  eden space 65536K, 100% used [0x000000076b380000,0x000000076f380000,0x000000076f380000)
  from space 10752K, 0% used [0x000000076f380000,0x000000076f380000,0x000000076fe00000)
  to   space 10752K, 0% used [0x0000000773e00000,0x0000000773e00000,0x0000000774880000)
 ParOldGen       total 80896K, used 5029K [0x00000006c1a00000, 0x00000006c6900000, 0x000000076b380000)
  object space 80896K, 6% used [0x00000006c1a00000,0x00000006c1ee95b8,0x00000006c6900000)
 Metaspace       used 21777K, capacity 23222K, committed 23424K, reserved 1069056K
  class space    used 2879K, capacity 3165K, committed 3200K, reserved 1048576K
Event: 1.479 GC heap after
Heap after GC invocations=5 (full 1):
 PSYoungGen      total 123392K, used 3277K [0x000000076b380000, 0x0000000774180000, 0x00000007c0000000)
  eden space 119808K, 0% used [0x000000076b380000,0x000000076b380000,0x0000000772880000)
  from space 3584K, 91% used [0x0000000773e00000,0x00000007741337d8,0x0000000774180000)
  to   space 10752K, 0% used [0x0000000772c80000,0x0000000772c80000,0x0000000773700000)
 ParOldGen       total 80896K, used 5029K [0x00000006c1a00000, 0x00000006c6900000, 0x000000076b380000)
  object space 80896K, 6% used [0x00000006c1a00000,0x00000006c1ee95b8,0x00000006c6900000)
 Metaspace       used 21777K, capacity 23222K, committed 23424K, reserved 1069056K
  class space    used 2879K, capacity 3165K, committed 3200K, reserved 1048576K
}
Event: 2.756 GC heap before
{Heap before GC invocations=6 (full 1):
 PSYoungGen      total 123392K, used 123085K [0x000000076b380000, 0x0000000774180000, 0x00000007c0000000)
  eden space 119808K, 100% used [0x000000076b380000,0x0000000772880000,0x0000000772880000)
  from space 3584K, 91% used [0x0000000773e00000,0x00000007741337d8,0x0000000774180000)
  to   space 10752K, 0% used [0x0000000772c80000,0x0000000772c80000,0x0000000773700000)
 ParOldGen       total 80896K, used 5029K [0x00000006c1a00000, 0x00000006c6900000, 0x000000076b380000)
  object space 80896K, 6% used [0x00000006c1a00000,0x00000006c1ee95b8,0x00000006c6900000)
 Metaspace       used 29526K, capacity 31410K, committed 31744K, reserved 1077248K
  class space    used 3900K, capacity 4267K, committed 4352K, reserved 1048576K
Event: 2.764 GC heap after
Heap after GC invocations=6 (full 1):
 PSYoungGen      total 134656K, used 10738K [0x000000076b380000, 0x000000077a200000, 0x00000007c0000000)
  eden space 123904K, 0% used [0x000000076b380000,0x000000076b380000,0x0000000772c80000)
  from space 10752K, 99% used [0x0000000772c80000,0x00000007736fc948,0x0000000773700000)
  to   space 15360K, 0% used [0x0000000779300000,0x0000000779300000,0x000000077a200000)
 ParOldGen       total 80896K, used 6493K [0x00000006c1a00000, 0x00000006c6900000, 0x000000076b380000)
  object space 80896K, 8% used [0x00000006c1a00000,0x00000006c20574c8,0x00000006c6900000)
 Metaspace       used 29526K, capacity 31410K, committed 31744K, reserved 1077248K
  class space    used 3900K, capacity 4267K, committed 4352K, reserved 1048576K
}
Event: 3.067 GC heap before
{Heap before GC invocations=7 (full 1):
 PSYoungGen      total 134656K, used 54506K [0x000000076b380000, 0x000000077a200000, 0x00000007c0000000)
  eden space 123904K, 35% used [0x000000076b380000,0x000000076de3e168,0x0000000772c80000)
  from space 10752K, 99% used [0x0000000772c80000,0x00000007736fc948,0x0000000773700000)
  to   space 15360K, 0% used [0x0000000779300000,0x0000000779300000,0x000000077a200000)
 ParOldGen       total 80896K, used 6493K [0x00000006c1a00000, 0x00000006c6900000, 0x000000076b380000)
  object space 80896K, 8% used [0x00000006c1a00000,0x00000006c20574c8,0x00000006c6900000)
 Metaspace       used 33408K, capacity 35474K, committed 35496K, reserved 1079296K
  class space    used 4369K, capacity 4761K, committed 4776K, reserved 1048576K
Event: 3.073 GC heap after
Heap after GC invocations=7 (full 1):
 PSYoungGen      total 229376K, used 9127K [0x000000076b380000, 0x000000077a480000, 0x00000007c0000000)
  eden space 214016K, 0% used [0x000000076b380000,0x000000076b380000,0x0000000778480000)
  from space 15360K, 59% used [0x0000000779300000,0x0000000779be9cc8,0x000000077a200000)
  to   space 14848K, 0% used [0x0000000778480000,0x0000000778480000,0x0000000779300000)
 ParOldGen       total 80896K, used 6501K [0x00000006c1a00000, 0x00000006c6900000, 0x000000076b380000)
  object space 80896K, 8% used [0x00000006c1a00000,0x00000006c20594c8,0x00000006c6900000)
 Metaspace       used 33408K, capacity 35474K, committed 35496K, reserved 1079296K
  class space    used 4369K, capacity 4761K, committed 4776K, reserved 1048576K
}
Event: 3.073 GC heap before
{Heap before GC invocations=8 (full 2):
 PSYoungGen      total 229376K, used 9127K [0x000000076b380000, 0x000000077a480000, 0x00000007c0000000)
  eden space 214016K, 0% used [0x000000076b380000,0x000000076b380000,0x0000000778480000)
  from space 15360K, 59% used [0x0000000779300000,0x0000000779be9cc8,0x000000077a200000)
  to   space 14848K, 0% used [0x0000000778480000,0x0000000778480000,0x0000000779300000)
 ParOldGen       total 80896K, used 6501K [0x00000006c1a00000, 0x00000006c6900000, 0x000000076b380000)
  object space 80896K, 8% used [0x00000006c1a00000,0x00000006c20594c8,0x00000006c6900000)
 Metaspace       used 33408K, capacity 35474K, committed 35496K, reserved 1079296K
  class space    used 4369K, capacity 4761K, committed 4776K, reserved 1048576K
Event: 3.104 GC heap after
Heap after GC invocations=8 (full 2):
 PSYoungGen      total 229376K, used 0K [0x000000076b380000, 0x000000077a480000, 0x00000007c0000000)
  eden space 214016K, 0% used [0x000000076b380000,0x000000076b380000,0x0000000778480000)
  from space 15360K, 0% used [0x0000000779300000,0x0000000779300000,0x000000077a200000)
  to   space 14848K, 0% used [0x0000000778480000,0x0000000778480000,0x0000000779300000)
 ParOldGen       total 112128K, used 13486K [0x00000006c1a00000, 0x00000006c8780000, 0x000000076b380000)
  object space 112128K, 12% used [0x00000006c1a00000,0x00000006c272bbc8,0x00000006c8780000)
 Metaspace       used 33408K, capacity 35474K, committed 35496K, reserved 1079296K
  class space    used 4369K, capacity 4761K, committed 4776K, reserved 1048576K
}
Event: 4.041 GC heap before
{Heap before GC invocations=9 (full 2):
 PSYoungGen      total 229376K, used 214016K [0x000000076b380000, 0x000000077a480000, 0x00000007c0000000)
  eden space 214016K, 100% used [0x000000076b380000,0x0000000778480000,0x0000000778480000)
  from space 15360K, 0% used [0x0000000779300000,0x0000000779300000,0x000000077a200000)
  to   space 14848K, 0% used [0x0000000778480000,0x0000000778480000,0x0000000779300000)
 ParOldGen       total 112128K, used 13486K [0x00000006c1a00000, 0x00000006c8780000, 0x000000076b380000)
  object space 112128K, 12% used [0x00000006c1a00000,0x00000006c272bbc8,0x00000006c8780000)
 Metaspace       used 47007K, capacity 49756K, committed 49832K, reserved 1091584K
  class space    used 6523K, capacity 7014K, committed 7080K, reserved 1048576K
Event: 4.056 GC heap after
Heap after GC invocations=9 (full 2):
 PSYoungGen      total 228864K, used 14842K [0x000000076b380000, 0x0000000783980000, 0x00000007c0000000)
  eden space 214016K, 0% used [0x000000076b380000,0x000000076b380000,0x0000000778480000)
  from space 14848K, 99% used [0x0000000778480000,0x00000007792fe8f0,0x0000000779300000)
  to   space 19456K, 0% used [0x0000000782680000,0x0000000782680000,0x0000000783980000)
 ParOldGen       total 112128K, used 17423K [0x00000006c1a00000, 0x00000006c8780000, 0x000000076b380000)
  object space 112128K, 15% used [0x00000006c1a00000,0x00000006c2b03d78,0x00000006c8780000)
 Metaspace       used 47007K, capacity 49756K, committed 49832K, reserved 1091584K
  class space    used 6523K, capacity 7014K, committed 7080K, reserved 1048576K
}

Deoptimization events (10 events):
Event: 3.455 Thread 0x00000000024e7800 Uncommon trap: reason=unstable_if action=reinterpret pc=0x0000000003137828 method=org.springframework.core.ResolvableType.resolveClass()Ljava/lang/Class; @ 37
Event: 3.482 Thread 0x00000000024e7800 Uncommon trap: reason=class_check action=maybe_recompile pc=0x00000000030d1da8 method=org.springframework.core.ResolvableType.resolveType()Lorg/springframework/core/ResolvableType; @ 101
Event: 3.487 Thread 0x00000000024e7800 Uncommon trap: reason=class_check action=maybe_recompile pc=0x00000000030d1da8 method=org.springframework.core.ResolvableType.resolveType()Lorg/springframework/core/ResolvableType; @ 101
Event: 3.565 Thread 0x000000001df58800 Uncommon trap: reason=unstable_if action=reinterpret pc=0x0000000002ce4a54 method=java.util.LinkedHashMap.get(Ljava/lang/Object;)Ljava/lang/Object; @ 20
Event: 3.583 Thread 0x00000000024e7800 Uncommon trap: reason=unstable_if action=reinterpret pc=0x0000000002b20730 method=java.util.concurrent.ConcurrentHashMap.transfer([Ljava/util/concurrent/ConcurrentHashMap$Node;[Ljava/util/concurrent/ConcurrentHashMap$Node;)V @ 356
Event: 3.659 Thread 0x00000000024e7800 Uncommon trap: reason=unstable_if action=reinterpret pc=0x00000000030d0bdc method=org.springframework.core.ResolvableType.resolveType()Lorg/springframework/core/ResolvableType; @ 37
Event: 3.817 Thread 0x000000001df58800 Uncommon trap: reason=unstable_if action=reinterpret pc=0x000000000310f0a0 method=java.lang.Class$MethodArray.addIfNotPresent(Ljava/lang/reflect/Method;)V @ 19
Event: 3.915 Thread 0x00000000024e7800 Uncommon trap: reason=unstable_if action=reinterpret pc=0x000000000335df74 method=org.springframework.beans.factory.support.AbstractBeanFactory.isTypeMatch(Ljava/lang/String;Lorg/springframework/core/ResolvableType;Z)Z @ 559
Event: 4.064 Thread 0x000000001df58800 Uncommon trap: reason=unstable_if action=reinterpret pc=0x00000000031109cc method=java.util.HashMap$HashIterator.<init>(Ljava/util/HashMap;)V @ 45
Event: 4.094 Thread 0x000000001df58800 Uncommon trap: reason=unstable_if action=reinterpret pc=0x000000000334844c method=java.util.HashMap$HashIterator.<init>(Ljava/util/HashMap;)V @ 45

Classes redefined (0 events):
No events

Internal exceptions (10 events):
Event: 4.123 Thread 0x00000000024e7800 Exception <a 'java/lang/ClassNotFoundException': org/springframework/web/servlet/theme/FixedThemeResolverCustomizer> (0x000000076c3b5768) thrown at [C:\workspace\8-2-build-windows-amd64-cygwin\jdk8u192\11897\hotspot\src\share\vm\classfile\systemDictionary
Event: 4.124 Thread 0x00000000024e7800 Exception <a 'java/lang/ClassNotFoundException': org/springframework/web/servlet/ThemeResolverCustomizer> (0x000000076c3dab58) thrown at [C:\workspace\8-2-build-windows-amd64-cygwin\jdk8u192\11897\hotspot\src\share\vm\classfile\systemDictionary.cpp, line 
Event: 4.126 Thread 0x00000000024e7800 Exception <a 'java/lang/ClassNotFoundException': java/lang/ObjectCustomizer> (0x000000076c420010) thrown at [C:\workspace\8-2-build-windows-amd64-cygwin\jdk8u192\11897\hotspot\src\share\vm\classfile\systemDictionary.cpp, line 210]
Event: 4.127 Thread 0x00000000024e7800 Exception <a 'java/lang/ClassNotFoundException': org/springframework/web/servlet/support/AbstractFlashMapManagerCustomizer> (0x000000076c44bd60) thrown at [C:\workspace\8-2-build-windows-amd64-cygwin\jdk8u192\11897\hotspot\src\share\vm\classfile\systemDic
Event: 4.127 Thread 0x00000000024e7800 Exception <a 'java/lang/ClassNotFoundException': org/springframework/web/servlet/support/SessionFlashMapManagerCustomizer> (0x000000076c47b958) thrown at [C:\workspace\8-2-build-windows-amd64-cygwin\jdk8u192\11897\hotspot\src\share\vm\classfile\systemDict
Event: 4.128 Thread 0x00000000024e7800 Exception <a 'java/lang/ClassNotFoundException': org/springframework/web/servlet/FlashMapManagerCustomizer> (0x000000076c4a0e70) thrown at [C:\workspace\8-2-build-windows-amd64-cygwin\jdk8u192\11897\hotspot\src\share\vm\classfile\systemDictionary.cpp, lin
Event: 4.129 Thread 0x00000000024e7800 Exception <a 'java/lang/ClassNotFoundException': java/lang/ObjectCustomizer> (0x000000076c4c9928) thrown at [C:\workspace\8-2-build-windows-amd64-cygwin\jdk8u192\11897\hotspot\src\share\vm\classfile\systemDictionary.cpp, line 210]
Event: 4.130 Thread 0x00000000024e7800 Exception <a 'java/lang/ClassNotFoundException': org/springframework/web/servlet/view/DefaultRequestToViewNameTranslatorCustomizer> (0x000000076c4f8628) thrown at [C:\workspace\8-2-build-windows-amd64-cygwin\jdk8u192\11897\hotspot\src\share\vm\classfile\s
Event: 4.131 Thread 0x00000000024e7800 Exception <a 'java/lang/ClassNotFoundException': org/springframework/web/servlet/RequestToViewNameTranslatorCustomizer> (0x000000076c532a60) thrown at [C:\workspace\8-2-build-windows-amd64-cygwin\jdk8u192\11897\hotspot\src\share\vm\classfile\systemDiction
Event: 4.138 Thread 0x00000000024e7800 Exception <a 'java/lang/ClassNotFoundException': java/lang/ObjectCustomizer> (0x000000076c5f8780) thrown at [C:\workspace\8-2-build-windows-amd64-cygwin\jdk8u192\11897\hotspot\src\share\vm\classfile\systemDictionary.cpp, line 210]

Events (10 events):
Event: 4.138 loading class java/lang/ObjectCustomizer
Event: 4.138 loading class java/lang/ObjectCustomizer done
Event: 4.138 loading class java/lang/ObjectCustomizer
Event: 4.138 loading class java/lang/ObjectCustomizer done
Event: 4.138 loading class net/bytebuddy/dynamic/loading/ClassInjector$UsingUnsafe$Dispatcher$Initializable
Event: 4.138 loading class net/bytebuddy/dynamic/loading/ClassInjector$UsingUnsafe$Dispatcher$Initializable done
Event: 4.139 loading class org/springframework/context/support/ApplicationObjectSupportCustomizer
Event: 4.139 loading class org/springframework/context/support/ApplicationObjectSupportCustomizer done
Event: 4.139 loading class org/springframework/context/support/ApplicationObjectSupportCustomizer
Event: 4.139 loading class org/springframework/context/support/ApplicationObjectSupportCustomizer done


Dynamic libraries:
0x00007ff708d70000 - 0x00007ff708da7000 	C:\Program Files\Java\jre1.8.0_192\bin\javaw.exe
0x00007ffc65080000 - 0x00007ffc65270000 	C:\WINDOWS\SYSTEM32\ntdll.dll
0x00007ffc63900000 - 0x00007ffc639b2000 	C:\WINDOWS\System32\KERNEL32.DLL
0x00007ffc62ca0000 - 0x00007ffc62f45000 	C:\WINDOWS\System32\KERNELBASE.dll
0x00007ffc63350000 - 0x00007ffc633f3000 	C:\WINDOWS\System32\ADVAPI32.dll
0x00007ffc636a0000 - 0x00007ffc6373e000 	C:\WINDOWS\System32\msvcrt.dll
0x00007ffc63510000 - 0x00007ffc635a7000 	C:\WINDOWS\System32\sechost.dll
0x00007ffc63d60000 - 0x00007ffc63e80000 	C:\WINDOWS\System32\RPCRT4.dll
0x00007ffc64b60000 - 0x00007ffc64cf4000 	C:\WINDOWS\System32\USER32.dll
0x00007ffc62000000 - 0x00007ffc62021000 	C:\WINDOWS\System32\win32u.dll
0x00007ffc65010000 - 0x00007ffc65036000 	C:\WINDOWS\System32\GDI32.dll
0x00007ffc62080000 - 0x00007ffc62216000 	C:\WINDOWS\System32\gdi32full.dll
0x00007ffc62220000 - 0x00007ffc622be000 	C:\WINDOWS\System32\msvcp_win.dll
0x00007ffc622e0000 - 0x00007ffc623da000 	C:\WINDOWS\System32\ucrtbase.dll
0x00007ffc4ea70000 - 0x00007ffc4ecf4000 	C:\WINDOWS\WinSxS\amd64_microsoft.windows.common-controls_6595b64144ccf1df_6.0.18362.1198_none_9e820b57e45ad92f\COMCTL32.dll
0x00007ffc639c0000 - 0x00007ffc63cf5000 	C:\WINDOWS\System32\combase.dll
0x00007ffc62c20000 - 0x00007ffc62ca0000 	C:\WINDOWS\System32\bcryptPrimitives.dll
0x00007ffc634e0000 - 0x00007ffc6350e000 	C:\WINDOWS\System32\IMM32.DLL
0x000000005fe10000 - 0x000000005fee1000 	C:\Program Files\Java\jre1.8.0_192\bin\msvcr100.dll
0x000000005de00000 - 0x000000005e6a3000 	C:\Program Files\Java\jre1.8.0_192\bin\server\jvm.dll
0x00007ffc63690000 - 0x00007ffc63698000 	C:\WINDOWS\System32\PSAPI.DLL
0x00007ffc4ba90000 - 0x00007ffc4ba99000 	C:\WINDOWS\SYSTEM32\WSOCK32.dll
0x00007ffc60f40000 - 0x00007ffc60f4a000 	C:\WINDOWS\SYSTEM32\VERSION.dll
0x00007ffc58500000 - 0x00007ffc58524000 	C:\WINDOWS\SYSTEM32\WINMM.dll
0x00007ffc64dd0000 - 0x00007ffc64e3f000 	C:\WINDOWS\System32\WS2_32.dll
0x00007ffc584d0000 - 0x00007ffc584fd000 	C:\WINDOWS\SYSTEM32\WINMMBASE.dll
0x00007ffc62030000 - 0x00007ffc6207a000 	C:\WINDOWS\System32\cfgmgr32.dll
0x00007ffc5a780000 - 0x00007ffc5a78f000 	C:\Program Files\Java\jre1.8.0_192\bin\verify.dll
0x00007ffc59e70000 - 0x00007ffc59e99000 	C:\Program Files\Java\jre1.8.0_192\bin\java.dll
0x00007ffc55d80000 - 0x00007ffc55d96000 	C:\Program Files\Java\jre1.8.0_192\bin\zip.dll
0x00007ffc64310000 - 0x00007ffc649f7000 	C:\WINDOWS\System32\SHELL32.dll
0x00007ffc64f60000 - 0x00007ffc65009000 	C:\WINDOWS\System32\shcore.dll
0x00007ffc623e0000 - 0x00007ffc62b61000 	C:\WINDOWS\System32\windows.storage.dll
0x00007ffc61fb0000 - 0x00007ffc61fd3000 	C:\WINDOWS\System32\profapi.dll
0x00007ffc61f60000 - 0x00007ffc61faa000 	C:\WINDOWS\System32\powrprof.dll
0x00007ffc61f30000 - 0x00007ffc61f40000 	C:\WINDOWS\System32\UMPDC.dll
0x00007ffc63400000 - 0x00007ffc63452000 	C:\WINDOWS\System32\shlwapi.dll
0x00007ffc61f40000 - 0x00007ffc61f51000 	C:\WINDOWS\System32\kernel.appcore.dll
0x00007ffc622c0000 - 0x00007ffc622d7000 	C:\WINDOWS\System32\cryptsp.dll
0x00007ffc54880000 - 0x00007ffc5489a000 	C:\Program Files\Java\jre1.8.0_192\bin\net.dll
0x00007ffc61780000 - 0x00007ffc617e7000 	C:\WINDOWS\system32\mswsock.dll
0x00007ffc526c0000 - 0x00007ffc526d1000 	C:\Program Files\Java\jre1.8.0_192\bin\nio.dll
0x00007ffc55cc0000 - 0x00007ffc55ccd000 	C:\Program Files\Java\jre1.8.0_192\bin\management.dll
0x00007ffc496c0000 - 0x00007ffc496d6000 	C:\WINDOWS\system32\napinsp.dll
0x00007ffc496a0000 - 0x00007ffc496ba000 	C:\WINDOWS\system32\pnrpnsp.dll
0x00007ffc614d0000 - 0x00007ffc6159b000 	C:\WINDOWS\SYSTEM32\DNSAPI.dll
0x00007ffc635b0000 - 0x00007ffc635b8000 	C:\WINDOWS\System32\NSI.dll
0x00007ffc61490000 - 0x00007ffc614ca000 	C:\WINDOWS\SYSTEM32\IPHLPAPI.DLL
0x00007ffc48410000 - 0x00007ffc4841e000 	C:\WINDOWS\System32\winrnr.dll
0x00007ffc5a460000 - 0x00007ffc5a47c000 	C:\WINDOWS\system32\NLAapi.dll
0x00007ffc483b0000 - 0x00007ffc483c5000 	C:\WINDOWS\system32\wshbth.dll
0x00007ffc52a50000 - 0x00007ffc52a5a000 	C:\Windows\System32\rasadhlp.dll
0x00007ffc5a1a0000 - 0x00007ffc5a217000 	C:\WINDOWS\System32\fwpuclnt.dll
0x00007ffc62f50000 - 0x00007ffc62f76000 	C:\WINDOWS\System32\bcrypt.dll
0x00007ffc612f0000 - 0x00007ffc61323000 	C:\WINDOWS\system32\rsaenh.dll
0x00007ffc61e10000 - 0x00007ffc61e35000 	C:\WINDOWS\SYSTEM32\USERENV.dll
0x00007ffc61950000 - 0x00007ffc6195c000 	C:\WINDOWS\SYSTEM32\CRYPTBASE.dll
0x00007ffc5cc20000 - 0x00007ffc5cc36000 	C:\WINDOWS\SYSTEM32\dhcpcsvc6.DLL
0x00007ffc5cbc0000 - 0x00007ffc5cbdc000 	C:\WINDOWS\SYSTEM32\dhcpcsvc.DLL

VM Arguments:
jvm_args: -ea -Dfile.encoding=UTF-8 
java_command: org.eclipse.jdt.internal.junit.runner.RemoteTestRunner -version 3 -port 56430 -testLoaderClass org.eclipse.jdt.internal.junit5.runner.JUnit5TestLoader -loaderpluginname org.eclipse.jdt.junit5.runtime -classNames com.example.stockmarketdowjones.StockmarketdowjonesApplicationTests
java_class_path (initial): C:\TestSpringBoot\stockmarketdowjones\target\test-classes;C:\TestSpringBoot\stockmarketdowjones\target\classes;C:\Users\LeBattant\.m2\repository\com\opencsv\opencsv\4.0\opencsv-4.0.jar;C:\Users\LeBattant\.m2\repository\org\apache\commons\commons-lang3\3.11\commons-lang3-3.11.jar;C:\Users\LeBattant\.m2\repository\org\apache\commons\commons-text\1.1\commons-text-1.1.jar;C:\Users\LeBattant\.m2\repository\commons-beanutils\commons-beanutils\1.9.3\commons-beanutils-1.9.3.jar;C:\Users\LeBattant\.m2\repository\commons-logging\commons-logging\1.2\commons-logging-1.2.jar;C:\Users\LeBattant\.m2\repository\commons-collections\commons-collections\3.2.2\commons-collections-3.2.2.jar;C:\Users\LeBattant\.m2\repository\org\springframework\boot\spring-boot-starter-data-jpa\2.4.0\spring-boot-starter-data-jpa-2.4.0.jar;C:\Users\LeBattant\.m2\repository\org\springframework\boot\spring-boot-starter-aop\2.4.0\spring-boot-starter-aop-2.4.0.jar;C:\Users\LeBattant\.m2\repository\org\springframework\spring-aop\5.3.1\spring-aop-5.3.1.jar;C:\Users\LeBattant\.m2\repository\org\aspectj\aspectjweaver\1.9.6\aspectjweaver-1.9.6.jar;C:\Users\LeBattant\.m2\repository\org\springframework\boot\spring-boot-starter-jdbc\2.4.0\spring-boot-starter-jdbc-2.4.0.jar;C:\Users\LeBattant\.m2\repository\com\zaxxer\HikariCP\3.4.5\HikariCP-3.4.5.jar;C:\Users\LeBattant\.m2\repository\jakarta\transaction\jakarta.transaction-api\1.3.3\jakarta.transaction-api-1.3.3.jar;C:\Users\LeBattant\.m2\repository\jakarta\persistence\jakarta.persistence-api\2.2.3\jakarta.persistence-api-2.2.3.jar;C:\Users\LeBattant\.m2\repository\org\hibernate\hibernate-core\5.4.23.Final\hibernate-core-5.4.23.Final.jar;C:\Users\LeBattant\.m2\repository\org\jboss\logging\jboss-logging\3.4.1.Final\jboss-logging-3.4.1.Final.jar;C:\Users\LeBattant\.m2\repository\org\javassist\javassist\3.24.0-GA\javassist-3.24.0-GA.jar;C:\Users\LeBattant\.m2\repository\net\bytebuddy\byte-buddy\1.10.18\byte-buddy-1.10.18.jar;C:\Users\LeBatta
Launcher Type: SUN_STANDARD

Environment Variables:
JAVA_HOME=C:\JDK8
CLASSPATH=.;C:\Tomcat8535\lib\servlet-api.jar;C:\Tomcat8535\lib\jsp-api.jar;C:\JDK8\bin;C:\Tomcat8535\bin;C:\ApacheMaven\apache-maven-3.6.0\bin;C:\Program Files\MySQL\MySQL Server 8.0\bin
PATH=C:/Program Files/Java/jre1.8.0_192/bin/server;C:/Program Files/Java/jre1.8.0_192/bin;C:/Program Files/Java/jre1.8.0_192/lib/amd64;C:\Python27\;C:\Python27\Scripts;C:\Kubernetes\Kubectl;C:\Program Files\Python37\Scripts\;C:\Program Files\Python37\;C:\ProgramData\Oracle\Java\javapath;C:\Program Files\Microsoft MPI\Bin\;C:\Program Files (x86)\Common Files\Oracle\Java\javapath;C:\windows\system32;C:\windows;C:\windows\System32\Wbem;C:\windows\System32\WindowsPowerShell\v1.0\;C:\Program Files (x86)\NVIDIA Corporation\PhysX\Common;C:\WINDOWS\system32;C:\WINDOWS;C:\WINDOWS\System32\Wbem;C:\WINDOWS\System32\WindowsPowerShell\v1.0\;C:\WINDOWS\System32\OpenSSH\;C:\JDK8\bin;C:\ApacheMaven\apache-maven-3.6.0\bin;C:\Program Files\Git\cmd;C:\Program Files\Microsoft SQL Server\130\Tools\Binn\;C:\Program Files (x86)\Intel\Intel(R) Management Engine Components\DAL;C:\Program Files\Intel\Intel(R) Management Engine Components\DAL;C:\Program Files\heroku;C:\Users\LeBattant\AppData\Roaming\Python\Python37\Scripts;C:\Kubernetes\Minikube;C:\Kubernetes\Kops;C:\SPRINGBOOT222\bin;C:\WINDOWS\system32;C:\WINDOWS;C:\WINDOWS\System32\Wbem;C:\WINDOWS\System32\WindowsPowerShell\v1.0\;C:\WINDOWS\System32\OpenSSH\;C:\Program Files\nodejs\;C:\ProgramData\chocolatey\bin;C:\VAULT;C:\OC_OpenShiftCLI;C:\HELM;;C:\Program Files\Docker\Docker\resources\bin;C:\ProgramData\DockerDesktop\version-bin;C:\Users\LeBattant\AppData\Local\Microsoft\WindowsApps;C:\Program Files\heroku\bin;C:\INTELLIJ\IntelliJ IDEA Educational Edition 2019.3\bin;;C:\Program Files\JetBrains\IntelliJ IDEA 2019.3.1\bin;;C:\Users\LeBattant\AppData\Roaming\npm;C:\Users\LeBattant\Desktop;
USERNAME=LeBattant
OS=Windows_NT
PROCESSOR_IDENTIFIER=Intel64 Family 6 Model 142 Stepping 10, GenuineIntel



---------------  S Y S T E M  ---------------

OS: Windows 10.0 , 64 bit Build 18362 (10.0.18362.1110)

CPU:total 8 (initial active 8) (4 cores per cpu, 2 threads per core) family 6 model 142 stepping 10, cmov, cx8, fxsr, mmx, sse, sse2, sse3, ssse3, sse4.1, sse4.2, popcnt, avx, avx2, aes, clmul, erms, 3dnowpref, lzcnt, ht, tsc, tscinvbit, bmi1, bmi2, adx

Memory: 4k page, physical 16669896k(2196632k free), swap 31789380k(5584k free)

vm_info: Java HotSpot(TM) 64-Bit Server VM (25.192-b12) for windows-amd64 JRE (1.8.0_192-b12), built on Oct  6 2018 17:12:23 by "java_re" with MS VC++ 10.0 (VS2010)

time: Mon Nov 23 10:14:53 2020
timezone: Eastern Standard Time
elapsed time: 4 seconds (0d 0h 0m 4s)

